  Lab2.cpp
E:\Y4\CG-nott\lab\COMP3011\Lab2\Lab2\util.h(17,35): warning C4267: “初始化”: 从“size_t”转换到“long”，可能丢失数据
E:\Y4\CG-nott\lab\COMP3011\Lab2\Lab2\Lab2.cpp(39,70): warning C4305: “+=”: 从“double”到“T”截断
          with
          [
              T=float
          ]
E:\Y4\CG-nott\lab\COMP3011\Lab2\Lab2\Lab2.cpp(40,71): warning C4305: “-=”: 从“double”到“T”截断
          with
          [
              T=float
          ]
E:\Y4\CG-nott\lab\COMP3011\Lab2\Lab2\Lab2.cpp(41,71): warning C4305: “-=”: 从“double”到“T”截断
          with
          [
              T=float
          ]
E:\Y4\CG-nott\lab\COMP3011\Lab2\Lab2\Lab2.cpp(42,72): warning C4305: “+=”: 从“double”到“T”截断
          with
          [
              T=float
          ]
  Lab2.vcxproj -> E:\Y4\CG-nott\lab\COMP3011\Lab2\x64\Debug\Lab2.exe
