  Lab7a.cpp
E:\Y4\CG-nott\lab\COMP3011\Lab7a\Lab7a\ModelViewerCamera.h(20,39): warning C4244: “=”: 从“double”转换到“T”，可能丢失数据
          with
          [
              T=float
          ]
E:\Y4\CG-nott\lab\COMP3011\Lab7a\Lab7a\ModelViewerCamera.h(21,21): warning C4244: “=”: 从“double”转换到“T”，可能丢失数据
          with
          [
              T=float
          ]
E:\Y4\CG-nott\lab\COMP3011\Lab7a\Lab7a\ModelViewerCamera.h(22,39): warning C4244: “=”: 从“double”转换到“T”，可能丢失数据
          with
          [
              T=float
          ]
E:\Y4\CG-nott\lab\COMP3011\Lab7a\Lab7a\util.h(17,35): warning C4267: “初始化”: 从“size_t”转换到“long”，可能丢失数据
E:\Y4\CG-nott\lab\COMP3011\Lab7a\Lab7a\Lab7a.cpp(99,19): warning C4305: “+=”: 从“double”到“float”截断
E:\Y4\CG-nott\lab\COMP3011\Lab7a\Lab7a\Lab7a.cpp(104,19): warning C4305: “-=”: 从“double”到“float”截断
  Lab7a.vcxproj -> E:\Y4\CG-nott\lab\COMP3011\Lab7a\x64\Debug\Lab7a.exe
